<?xml version="1.0" encoding="UTF-8"?>
<testsuite xmlns:xsi="http://www.w3.org/2001/XMLSchema-instance" xsi:noNamespaceSchemaLocation="https://maven.apache.org/surefire/maven-surefire-plugin/xsd/surefire-test-report.xsd" version="3.0.2" name="com.appsdeveloperblog.ws.products.ProductsMicroserviceApplicationTests" time="1.11" tests="1" errors="0" skipped="0" failures="0">
  <properties>
[...]
</properties>
  <testcase name="contextLoads" classname="com.appsdeveloperblog.ws.products.ProductsMicroserviceApplicationTests" time="0.351">
    <system-out><![CDATA[16:38:26.043 [main] INFO org.springframework.test.context.support.AnnotationConfigContextLoaderUtils -- Could not detect default configuration classes for test class [com.appsdeveloperblog.ws.products.ProductsMicroserviceApplicationTests]: ProductsMicroserviceApplicationTests does not declare any static, non-private, non-final, nested classes annotated with @Configuration.
16:38:26.083 [main] INFO org.springframework.boot.test.context.SpringBootTestContextBootstrapper -- Found @SpringBootConfiguration com.appsdeveloperblog.ws.products.ProductsMicroserviceApplication for test class com.appsdeveloperblog.ws.products.ProductsMicroserviceApplicationTests

  .   ____          _            __ _ _
 /\\ / ___'_ __ _ _(_)_ __  __ _ \ \ \ \
( ( )\___ | '_ | '_| | '_ \/ _` | \ \ \ \
 \\/  ___)| |_)| | | | | || (_| |  ) ) ) )
  '  |____| .__|_| |_|_| |_\__, | / / / /
 =========|_|==============|___/=/_/_/_/

 :: Spring Boot ::                (v3.4.2)

2025-01-28T16:38:26.243+05:30  INFO 91965 --- [ProductsMicroservice] [           main] w.p.ProductsMicroserviceApplicationTests : Starting ProductsMicroserviceApplicationTests using Java 17.0.13 with PID 91965 (started by shivamvermadev in /home/shivamvermadev/my-workspace/apache-kafka/java/ProductsMicroservice)
2025-01-28T16:38:26.244+05:30  INFO 91965 --- [ProductsMicroservice] [           main] w.p.ProductsMicroserviceApplicationTests : No active profile set, falling back to 1 default profile: "default"
2025-01-28T16:38:26.759+05:30  INFO 91965 --- [ProductsMicroservice] [           main] w.p.ProductsMicroserviceApplicationTests : Started ProductsMicroserviceApplicationTests in 0.621 seconds (process running for 1.067)
]]></system-out>
    <system-err><![CDATA[Jan 28, 2025 4:38:25 PM org.junit.platform.launcher.core.LauncherConfigurationParameters loadClasspathResource
WARNING: Discovered 3 'junit-platform.properties' configuration files on the classpath (see below); only the first (*) will be used.
- jar:file:/home/shivamvermadev/.m2/repository/org/apache/kafka/kafka-clients/3.8.1/kafka-clients-3.8.1-test.jar!/junit-platform.properties (*)
- jar:file:/home/shivamvermadev/.m2/repository/org/apache/kafka/kafka-server-common/3.8.1/kafka-server-common-3.8.1-test.jar!/junit-platform.properties
- jar:file:/home/shivamvermadev/.m2/repository/org/apache/kafka/kafka_2.13/3.8.1/kafka_2.13-3.8.1-test.jar!/junit-platform.properties
Jan 28, 2025 4:38:25 PM org.junit.platform.launcher.core.LauncherConfigurationParameters loadClasspathResource
WARNING: Discovered 3 'junit-platform.properties' configuration files on the classpath (see below); only the first (*) will be used.
- jar:file:/home/shivamvermadev/.m2/repository/org/apache/kafka/kafka-clients/3.8.1/kafka-clients-3.8.1-test.jar!/junit-platform.properties (*)
- jar:file:/home/shivamvermadev/.m2/repository/org/apache/kafka/kafka-server-common/3.8.1/kafka-server-common-3.8.1-test.jar!/junit-platform.properties
- jar:file:/home/shivamvermadev/.m2/repository/org/apache/kafka/kafka_2.13/3.8.1/kafka_2.13-3.8.1-test.jar!/junit-platform.properties
Jan 28, 2025 4:38:25 PM org.junit.platform.launcher.core.LauncherConfigurationParameters loadClasspathResource
WARNING: Discovered 3 'junit-platform.properties' configuration files on the classpath (see below); only the first (*) will be used.
- jar:file:/home/shivamvermadev/.m2/repository/org/apache/kafka/kafka-clients/3.8.1/kafka-clients-3.8.1-test.jar!/junit-platform.properties (*)
- jar:file:/home/shivamvermadev/.m2/repository/org/apache/kafka/kafka-server-common/3.8.1/kafka-server-common-3.8.1-test.jar!/junit-platform.properties
- jar:file:/home/shivamvermadev/.m2/repository/org/apache/kafka/kafka_2.13/3.8.1/kafka_2.13-3.8.1-test.jar!/junit-platform.properties
]]></system-err>
  </testcase>
</testsuite>